\BOOKMARK [1][]{section.1}{\376\377\116\000\060\001\000\040\225\356\230\230\221\315\217\360}{}% 1
\BOOKMARK [2][]{subsection.1.1}{\376\377\0001\000.\0001\000\040\225\356\230\230\200\314\146\157}{section.1}% 2
\BOOKMARK [2][]{subsection.1.2}{\376\377\0001\000.\0002\000\040\225\356\230\230\143\320\121\372}{section.1}% 3
\BOOKMARK [1][]{section.2}{\376\377\116\214\060\001\000\040\152\041\127\213\120\107\213\276}{}% 4
\BOOKMARK [1][]{section.3}{\376\377\116\011\060\001\000\040\173\046\123\367\213\364\146\016}{}% 5
\BOOKMARK [1][]{section.4}{\376\377\126\333\060\001\000\040\225\356\230\230\122\006\147\220}{}% 6
\BOOKMARK [1][]{section.5}{\376\377\116\224\060\001\000\040\152\041\127\213\166\204\136\372\172\313\116\016\154\102\211\343}{}% 7
\BOOKMARK [2][]{subsection.5.1}{\376\377\0005\000.\0001\000\040\225\356\230\230\116\000\000\040\000\040\121\170\127\213\117\117\142\067\165\065\221\307\146\226\215\037\203\167\165\050\165\065\210\114\116\072\122\006\147\220}{section.5}% 8
\BOOKMARK [3][]{subsubsection.5.1.1}{\376\377\0005\000.\0001\000.\0001\000\040\145\271\172\013\176\304\166\204\172\063\140\001\211\343\140\047\140\001\124\214\123\302\145\160\137\161\124\315}{subsection.5.1}% 9
\BOOKMARK [3][]{subsubsection.5.1.2}{\376\377\0005\000.\0001\000.\0002\000\040\116\015\124\014\133\244\131\026\156\051\136\246\116\013\121\170\127\213\117\117\142\067\165\065\221\307\146\226\165\050\165\065\210\114\116\072\176\337\213\241}{subsection.5.1}% 10
\BOOKMARK [3][]{subsubsection.5.1.3}{\376\377\0005\000.\0001\000.\0003\000\040\117\233\146\226\147\037\121\205\142\020\147\054\165\065\221\317\213\241\173\227}{subsection.5.1}% 11
\BOOKMARK [2][]{subsection.5.2}{\376\377\0005\000.\0002\000\040\225\356\230\230\116\214\000\040\121\170\127\213\117\117\142\067\165\065\221\307\146\226\215\037\203\167\123\302\116\016\122\237\163\207\214\003\202\202\166\204\200\375\122\233\122\006\147\220}{section.5}% 12
\BOOKMARK [3][]{subsubsection.5.2.1}{\376\377\0005\000.\0002\000.\0001\000\040\133\244\131\026\156\051\136\246\000-\0001\0005\136\246\145\366\122\237\163\207\214\003\202\202\145\366\225\364}{subsection.5.2}% 13
\BOOKMARK [3][]{subsubsection.5.2.2}{\376\377\0005\000.\0002\000.\0002\000\040\116\015\124\014\133\244\131\026\156\051\136\246\166\204\123\357\214\003\202\202\122\237\163\207\145\366\225\364\146\362\176\277\122\006\147\220}{subsection.5.2}% 14
\BOOKMARK [2][]{subsection.5.3}{\376\377\0005\000.\0003\000\040\225\356\230\230\116\011\000\040\131\032\116\052\165\065\221\307\146\226\215\037\203\167\166\204\214\003\202\202\200\375\122\233\122\006\147\220}{section.5}% 15
\BOOKMARK [3][]{subsubsection.5.3.1}{\376\377\0005\000.\0003\000.\0001\000\040\0006\116\052\117\117\142\067\0002\0004\000h\156\051\136\246\137\000\121\163\123\330\123\026\123\312\140\073\122\237\163\207\213\241\173\227}{subsection.5.3}% 16
\BOOKMARK [3][]{subsubsection.5.3.2}{\376\377\0005\000.\0003\000.\0002\000\040\124\004\145\366\225\364\160\271\122\237\163\207\214\003\202\202\122\006\147\220}{subsection.5.3}% 17
\BOOKMARK [3][]{subsubsection.5.3.3}{\376\377\0005\000.\0003\000.\0003\000\040\127\050\116\015\124\014\133\244\131\026\156\051\136\246\116\013\166\204\122\006\147\220}{subsection.5.3}% 18
\BOOKMARK [2][]{subsection.5.4}{\376\377\0005\000.\0004\000\040\225\356\230\230\126\333\000\040\117\117\133\205\123\072\165\065\221\307\146\226\215\037\203\167\123\302\116\016\165\065\177\121\214\003\202\202\166\204\200\375\122\233\122\006\147\220}{section.5}% 19
\BOOKMARK [2][]{subsection.5.5}{\376\377\0005\000.\0005\000\040\225\356\230\230\116\224\000\040\117\117\133\205\123\072\165\065\221\307\146\226\215\037\203\167\123\302\116\016\165\065\177\121\122\112\134\360\130\153\214\067\166\204\145\066\166\312\122\006\147\220}{section.5}% 20
\BOOKMARK [3][]{subsubsection.5.5.1}{\376\377\0005\000.\0005\000.\0001\000\040\0006\0000\0000\142\067\123\357\143\320\117\233\143\001\176\355\147\000\131\047\124\021\116\013\214\003\202\202\122\237\163\207\120\074\166\204\213\241\173\227}{subsection.5.5}% 21
\BOOKMARK [3][]{subsubsection.5.5.2}{\376\377\0005\000.\0005\000.\0002\000\040\0006\0000\0000\142\067\123\357\143\320\117\233\143\001\176\355\147\000\131\047\124\021\116\012\214\003\202\202\122\237\163\207\120\074\166\204\213\241\173\227}{subsection.5.5}% 22
\BOOKMARK [3][]{subsubsection.5.5.3}{\376\377\0005\000.\0005\000.\0003\000\040\137\000\121\163\162\266\140\001\123\327\122\060\122\237\163\207\214\003\202\202\137\161\124\315\166\204\122\006\147\220}{subsection.5.5}% 23
\BOOKMARK [3][]{subsubsection.5.5.4}{\376\377\0005\000.\0005\000.\0004\000\040\123\302\116\016\122\112\134\360\130\153\214\067\124\016\117\233\146\226\142\020\147\054\213\241\173\227}{subsection.5.5}% 24
\BOOKMARK [1][]{section.6}{\376\377\121\155\060\001\000\040\122\006\147\220\116\016\134\125\147\033}{}% 25
\BOOKMARK [2][]{subsection.6.1}{\376\377\0006\000.\0001\000\040\225\356\230\230\121\155\000\040\156\051\143\247\127\213\215\037\203\167\123\302\116\016\165\065\177\121\214\003\202\202\134\125\147\033}{section.6}% 26
\BOOKMARK [3][]{subsubsection.6.1.1}{\376\377\0006\000.\0001\000.\0001\000\040\167\001\176\247\123\072\127\337\165\065\221\307\146\226\215\037\203\167\123\302\116\016\165\065\177\121\214\003\202\202\166\204\122\006\147\220}{subsection.6.1}% 27
\BOOKMARK [3][]{subsubsection.6.1.2}{\376\377\0006\000.\0001\000.\0002\000\040\123\127\145\271\172\172\214\003\166\204\165\065\122\237\163\207\122\006\147\220}{subsection.6.1}% 28
\BOOKMARK [2][]{subsection.6.2}{\376\377\0006\000.\0002\000\040\152\041\127\213\213\304\116\367}{section.6}% 29
\BOOKMARK [1][]{section*.41}{\376\377\123\302\200\003\145\207\163\056}{}% 30
\BOOKMARK [1][]{appendix.a.A}{\376\377\226\104\137\125\000\040\000A\000\040\156\220\170\001}{}% 31
\BOOKMARK [1][]{appendix.a.B}{\376\377\226\104\137\125\000\040\000B\000\040\220\350\122\006\213\241\173\227\176\323\147\234}{}% 32
